Performing C SOURCE FILE Test CMAKE_HAVE_LIBC_PTHREAD failed with the following output:
Change Dir: /home/fetch/catkin_ws/build/fetch_ikfast_plugin/CMakeFiles/CMakeTmp

Run Build Command(s):/usr/bin/make cmTC_b0351/fast && /usr/bin/make -f CMakeFiles/cmTC_b0351.dir/build.make CMakeFiles/cmTC_b0351.dir/build
make[1]: Entering directory '/home/fetch/catkin_ws/build/fetch_ikfast_plugin/CMakeFiles/CMakeTmp'
Building C object CMakeFiles/cmTC_b0351.dir/src.c.o
/usr/bin/cc   -DCMAKE_HAVE_LIBC_PTHREAD   -o CMakeFiles/cmTC_b0351.dir/src.c.o   -c /home/fetch/catkin_ws/build/fetch_ikfast_plugin/CMakeFiles/CMakeTmp/src.c
Linking C executable cmTC_b0351
/usr/bin/cmake -E cmake_link_script CMakeFiles/cmTC_b0351.dir/link.txt --verbose=1
/usr/bin/cc  -DCMAKE_HAVE_LIBC_PTHREAD    -rdynamic CMakeFiles/cmTC_b0351.dir/src.c.o  -o cmTC_b0351 
/usr/bin/ld: CMakeFiles/cmTC_b0351.dir/src.c.o: in function `main':
src.c:(.text+0x46): undefined reference to `pthread_create'
/usr/bin/ld: src.c:(.text+0x52): undefined reference to `pthread_detach'
/usr/bin/ld: src.c:(.text+0x63): undefined reference to `pthread_join'
collect2: error: ld returned 1 exit status
make[1]: *** [CMakeFiles/cmTC_b0351.dir/build.make:87: cmTC_b0351] Error 1
make[1]: Leaving directory '/home/fetch/catkin_ws/build/fetch_ikfast_plugin/CMakeFiles/CMakeTmp'
make: *** [Makefile:121: cmTC_b0351/fast] Error 2


Source file was:
#include <pthread.h>

void* test_func(void* data)
{
  return data;
}

int main(void)
{
  pthread_t thread;
  pthread_create(&thread, NULL, test_func, NULL);
  pthread_detach(thread);
  pthread_join(thread, NULL);
  pthread_atfork(NULL, NULL, NULL);
  pthread_exit(NULL);

  return 0;
}

Determining if the function pthread_create exists in the pthreads failed with the following output:
Change Dir: /home/fetch/catkin_ws/build/fetch_ikfast_plugin/CMakeFiles/CMakeTmp

Run Build Command(s):/usr/bin/make cmTC_a89cc/fast && /usr/bin/make -f CMakeFiles/cmTC_a89cc.dir/build.make CMakeFiles/cmTC_a89cc.dir/build
make[1]: Entering directory '/home/fetch/catkin_ws/build/fetch_ikfast_plugin/CMakeFiles/CMakeTmp'
Building C object CMakeFiles/cmTC_a89cc.dir/CheckFunctionExists.c.o
/usr/bin/cc   -DCHECK_FUNCTION_EXISTS=pthread_create   -o CMakeFiles/cmTC_a89cc.dir/CheckFunctionExists.c.o   -c /usr/share/cmake-3.16/Modules/CheckFunctionExists.c
Linking C executable cmTC_a89cc
/usr/bin/cmake -E cmake_link_script CMakeFiles/cmTC_a89cc.dir/link.txt --verbose=1
/usr/bin/cc  -DCHECK_FUNCTION_EXISTS=pthread_create    -rdynamic CMakeFiles/cmTC_a89cc.dir/CheckFunctionExists.c.o  -o cmTC_a89cc  -lpthreads 
/usr/bin/ld: cannot find -lpthreads
collect2: error: ld returned 1 exit status
make[1]: *** [CMakeFiles/cmTC_a89cc.dir/build.make:87: cmTC_a89cc] Error 1
make[1]: Leaving directory '/home/fetch/catkin_ws/build/fetch_ikfast_plugin/CMakeFiles/CMakeTmp'
make: *** [Makefile:121: cmTC_a89cc/fast] Error 2



Determining if the function sgemm_ exists failed with the following output:
Change Dir: /home/fetch/catkin_ws/build/fetch_ikfast_plugin/CMakeFiles/CMakeTmp

Run Build Command(s):/usr/bin/make cmTC_c9a8d/fast && /usr/bin/make -f CMakeFiles/cmTC_c9a8d.dir/build.make CMakeFiles/cmTC_c9a8d.dir/build
make[1]: Entering directory '/home/fetch/catkin_ws/build/fetch_ikfast_plugin/CMakeFiles/CMakeTmp'
Building C object CMakeFiles/cmTC_c9a8d.dir/CheckFunctionExists.c.o
/usr/bin/cc   -DCHECK_FUNCTION_EXISTS=sgemm_   -o CMakeFiles/cmTC_c9a8d.dir/CheckFunctionExists.c.o   -c /usr/share/cmake-3.16/Modules/CheckFunctionExists.c
Linking C executable cmTC_c9a8d
/usr/bin/cmake -E cmake_link_script CMakeFiles/cmTC_c9a8d.dir/link.txt --verbose=1
/usr/bin/cc  -DCHECK_FUNCTION_EXISTS=sgemm_    -rdynamic CMakeFiles/cmTC_c9a8d.dir/CheckFunctionExists.c.o  -o cmTC_c9a8d 
/usr/bin/ld: CMakeFiles/cmTC_c9a8d.dir/CheckFunctionExists.c.o: in function `main':
CheckFunctionExists.c:(.text+0x14): undefined reference to `sgemm_'
collect2: error: ld returned 1 exit status
make[1]: *** [CMakeFiles/cmTC_c9a8d.dir/build.make:87: cmTC_c9a8d] Error 1
make[1]: Leaving directory '/home/fetch/catkin_ws/build/fetch_ikfast_plugin/CMakeFiles/CMakeTmp'
make: *** [Makefile:121: cmTC_c9a8d/fast] Error 2



Determining if the function cheev_ exists failed with the following output:
Change Dir: /home/fetch/catkin_ws/build/fetch_ikfast_plugin/CMakeFiles/CMakeTmp

Run Build Command(s):/usr/bin/make cmTC_74ad4/fast && /usr/bin/make -f CMakeFiles/cmTC_74ad4.dir/build.make CMakeFiles/cmTC_74ad4.dir/build
make[1]: Entering directory '/home/fetch/catkin_ws/build/fetch_ikfast_plugin/CMakeFiles/CMakeTmp'
Building C object CMakeFiles/cmTC_74ad4.dir/CheckFunctionExists.c.o
/usr/bin/cc   -DCHECK_FUNCTION_EXISTS=cheev_   -o CMakeFiles/cmTC_74ad4.dir/CheckFunctionExists.c.o   -c /usr/share/cmake-3.16/Modules/CheckFunctionExists.c
Linking C executable cmTC_74ad4
/usr/bin/cmake -E cmake_link_script CMakeFiles/cmTC_74ad4.dir/link.txt --verbose=1
/usr/bin/cc  -DCHECK_FUNCTION_EXISTS=cheev_    -rdynamic CMakeFiles/cmTC_74ad4.dir/CheckFunctionExists.c.o  -o cmTC_74ad4  /usr/lib/x86_64-linux-gnu/libblas.so 
/usr/bin/ld: CMakeFiles/cmTC_74ad4.dir/CheckFunctionExists.c.o: in function `main':
CheckFunctionExists.c:(.text+0x14): undefined reference to `cheev_'
collect2: error: ld returned 1 exit status
make[1]: *** [CMakeFiles/cmTC_74ad4.dir/build.make:88: cmTC_74ad4] Error 1
make[1]: Leaving directory '/home/fetch/catkin_ws/build/fetch_ikfast_plugin/CMakeFiles/CMakeTmp'
make: *** [Makefile:121: cmTC_74ad4/fast] Error 2



